#
# There is insufficient memory for the Java Runtime Environment to continue.
# Native memory allocation (malloc) failed to allocate 1091376 bytes for Chunk::new
# Possible reasons:
#   The system is out of physical RAM or swap space
#   In 32 bit mode, the process size limit was hit
# Possible solutions:
#   Reduce memory load on the system
#   Increase physical memory or swap space
#   Check if swap backing store is full
#   Use 64 bit Java on a 64 bit OS
#   Decrease Java heap size (-Xmx/-Xms)
#   Decrease number of Java threads
#   Decrease Java thread stack sizes (-Xss)
#   Set larger code cache with -XX:ReservedCodeCacheSize=
# This output file may be truncated or incomplete.
#
#  Out of Memory Error (allocation.cpp:390), pid=9792, tid=0x00000000000039f8
#
# JRE version: OpenJDK Runtime Environment (8.0_152-b01) (build 1.8.0_152-release-915-b01)
# Java VM: OpenJDK 64-Bit Server VM (25.152-b01 mixed mode windows-amd64 compressed oops)
# Failed to write core dump. Minidumps are not enabled by default on client versions of Windows
#

---------------  T H R E A D  ---------------

Current thread (0x000000001b409000):  JavaThread "C2 CompilerThread1" daemon [_thread_in_native, id=14840, stack(0x000000001bb00000,0x000000001bc00000)]

Stack: [0x000000001bb00000,0x000000001bc00000]
[error occurred during error reporting (printing stack bounds), id 0xc0000005]

Native frames: (J=compiled Java code, j=interpreted, Vv=VM code, C=native code)


Current CompileTask:
C2: 177437 13414       4       com.android.ide.common.res2.NodeUtils::duplicateNode (315 bytes)


---------------  P R O C E S S  ---------------

Java Threads: ( => current thread )
  0x000000001e915800 JavaThread "stdout" daemon [_thread_in_native, id=9520, stack(0x000000002c5d0000,0x000000002c6d0000)]
  0x000000001e912000 JavaThread "stderr" daemon [_thread_in_native, id=14368, stack(0x000000002c4d0000,0x000000002c5d0000)]
  0x000000001e910800 JavaThread "stdout" daemon [_thread_in_native, id=11636, stack(0x000000002c3d0000,0x000000002c4d0000)]
  0x000000001e90e000 JavaThread "stderr" daemon [_thread_in_native, id=15100, stack(0x000000002c2d0000,0x000000002c3d0000)]
  0x000000001e90f800 JavaThread "stdout" daemon [_thread_in_native, id=8356, stack(0x000000002c1d0000,0x000000002c2d0000)]
  0x000000001e915000 JavaThread "stderr" daemon [_thread_in_native, id=6588, stack(0x000000002c0d0000,0x000000002c1d0000)]
  0x000000001fa3e000 JavaThread "stdout" daemon [_thread_in_native, id=15096, stack(0x000000002bfd0000,0x000000002c0d0000)]
  0x000000001c16c800 JavaThread "stderr" daemon [_thread_in_native, id=13444, stack(0x000000002bed0000,0x000000002bfd0000)]
  0x000000001c16d800 JavaThread "queued-resource-processor_12" daemon [_thread_blocked, id=14364, stack(0x000000002bdd0000,0x000000002bed0000)]
  0x000000001c16e000 JavaThread "queued-resource-processor_11" daemon [_thread_blocked, id=13424, stack(0x000000002bcd0000,0x000000002bdd0000)]
  0x000000001c165000 JavaThread "queued-resource-processor_10" daemon [_thread_blocked, id=7136, stack(0x000000002bbd0000,0x000000002bcd0000)]
  0x000000001c16c000 JavaThread "queued-resource-processor_9" daemon [_thread_blocked, id=6564, stack(0x000000002bad0000,0x000000002bbd0000)]
  0x000000001c169000 JavaThread "Java2D Disposer" daemon [_thread_blocked, id=15236, stack(0x0000000029dd0000,0x0000000029ed0000)]
  0x000000001c16b000 JavaThread "Worker Daemon Execution Thread 7" [_thread_blocked, id=15248, stack(0x0000000029bd0000,0x0000000029cd0000)]
  0x000000001c162000 JavaThread "Worker Daemon Execution Thread 6" [_thread_blocked, id=12008, stack(0x00000000299d0000,0x0000000029ad0000)]
  0x000000001c161000 JavaThread "Worker Daemon Execution Thread 5" [_thread_blocked, id=14400, stack(0x00000000298d0000,0x00000000299d0000)]
  0x000000001c168000 JavaThread "Worker Daemon Execution Thread 4" [_thread_blocked, id=14852, stack(0x00000000297d0000,0x00000000298d0000)]
  0x000000001c166000 JavaThread "Worker Daemon Execution Thread 3" [_thread_blocked, id=6704, stack(0x00000000296d0000,0x00000000297d0000)]
  0x000000001c164800 JavaThread "Worker Daemon Execution Thread 2" [_thread_blocked, id=11964, stack(0x00000000295d0000,0x00000000296d0000)]
  0x000000001c160800 JavaThread "Worker Daemon Execution" [_thread_blocked, id=3672, stack(0x00000000294d0000,0x00000000295d0000)]
  0x000000001c167800 JavaThread "Task worker for ':' Thread 3" [_thread_blocked, id=11004, stack(0x00000000293d0000,0x00000000294d0000)]
  0x000000001c162800 JavaThread "Task worker for ':' Thread 2" [_thread_blocked, id=484, stack(0x00000000292d0000,0x00000000293d0000)]
  0x000000001c163800 JavaThread "Task worker for ':'" [_thread_blocked, id=9368, stack(0x00000000291d0000,0x00000000292d0000)]
  0x000000001c166800 JavaThread "Cache worker for task history cache (D:\work\project\EspressoRecipe\.gradle\4.1\taskHistory)" [_thread_blocked, id=13144, stack(0x00000000290d0000,0x00000000291d0000)]
  0x000000001c15f800 JavaThread "build operations Thread 4" [_thread_blocked, id=8700, stack(0x0000000028fd0000,0x00000000290d0000)]
  0x000000001c15f000 JavaThread "build operations Thread 3" [_thread_blocked, id=12876, stack(0x0000000028ed0000,0x0000000028fd0000)]
  0x000000001f99e800 JavaThread "build operations Thread 2" [_thread_blocked, id=11960, stack(0x0000000028dd0000,0x0000000028ed0000)]
  0x000000001f9a3000 JavaThread "build operations" [_thread_blocked, id=12168, stack(0x0000000028cd0000,0x0000000028dd0000)]
  0x000000001f99f000 JavaThread "Cache worker for Artifact transforms cache (C:\Users\Administrator\.gradle\caches\transforms-1)" [_thread_blocked, id=7356, stack(0x0000000028bd0000,0x0000000028cd0000)]
  0x000000001f9a0800 JavaThread "Cache worker for file hash cache (D:\work\project\EspressoRecipe\.gradle\4.1\fileHashes)" [_thread_blocked, id=11652, stack(0x0000000028ad0000,0x0000000028bd0000)]
  0x000000001f9a4800 JavaThread "Stdin handler" [_thread_blocked, id=12728, stack(0x00000000289d0000,0x0000000028ad0000)]
  0x000000001fa40000 JavaThread "Asynchronous log dispatcher for DefaultDaemonConnection: socket connection from /127.0.0.1:52511 to /127.0.0.1:53165" [_thread_blocked, id=4164, stack(0x00000000288d0000,0x00000000289d0000)]
  0x000000001fa3b800 JavaThread "Cancel handler" [_thread_blocked, id=10252, stack(0x00000000287d0000,0x00000000288d0000)]
  0x000000001fa41800 JavaThread "Handler for socket connection from /127.0.0.1:52511 to /127.0.0.1:53165" [_thread_in_native, id=9448, stack(0x00000000286d0000,0x00000000287d0000)]
  0x000000001f9a1800 JavaThread "Daemon worker Thread 2" [_thread_blocked, id=8576, stack(0x0000000027dd0000,0x0000000027ed0000)]
  0x000000001f9a3800 JavaThread "Daemon Thread 2" [_thread_blocked, id=14820, stack(0x0000000027ad0000,0x0000000027bd0000)]
  0x000000001fa41000 JavaThread "Memory manager" [_thread_blocked, id=3924, stack(0x00000000244d0000,0x00000000245d0000)]
  0x000000001b686800 JavaThread "File lock request listener" [_thread_in_native, id=2520, stack(0x000000001e770000,0x000000001e870000)]
  0x000000001c339800 JavaThread "Cache worker for file hash cache (C:\Users\Administrator\.gradle\caches\4.1\fileHashes)" [_thread_blocked, id=9936, stack(0x000000001e670000,0x000000001e770000)]
  0x000000001cf93000 JavaThread "Daemon periodic checks" [_thread_blocked, id=11688, stack(0x000000001db70000,0x000000001dc70000)]
  0x000000001cf92000 JavaThread "Incoming local TCP Connector on port 52511" [_thread_in_native, id=14256, stack(0x000000001d9d0000,0x000000001dad0000)]
  0x000000001b489000 JavaThread "Service Thread" daemon [_thread_blocked, id=15164, stack(0x000000001bd00000,0x000000001be00000)]
  0x000000001b453800 JavaThread "C1 CompilerThread2" daemon [_thread_blocked, id=14344, stack(0x000000001bc00000,0x000000001bd00000)]
=>0x000000001b409000 JavaThread "C2 CompilerThread1" daemon [_thread_in_native, id=14840, stack(0x000000001bb00000,0x000000001bc00000)]
  0x000000001a04f000 JavaThread "C2 CompilerThread0" daemon [_thread_blocked, id=12460, stack(0x000000001ba00000,0x000000001bb00000)]
  0x000000001a09e800 JavaThread "Attach Listener" daemon [_thread_blocked, id=6640, stack(0x000000001b900000,0x000000001ba00000)]
  0x000000001b408800 JavaThread "Signal Dispatcher" daemon [_thread_blocked, id=14824, stack(0x000000001b800000,0x000000001b900000)]
  0x0000000005419800 JavaThread "Finalizer" daemon [_thread_blocked, id=8500, stack(0x000000001b2a0000,0x000000001b3a0000)]
  0x0000000005414800 JavaThread "Reference Handler" daemon [_thread_blocked, id=12156, stack(0x000000001b1a0000,0x000000001b2a0000)]
  0x0000000005323800 JavaThread "main" [_thread_blocked, id=14848, stack(0x0000000004df0000,0x0000000004ef0000)]

Other Threads:
  0x000000001a006800 VMThread [stack: 0x000000001b0a0000,0x000000001b1a0000] [id=14176]
  0x000000001b48a000 WatcherThread [stack: 0x000000001be00000,0x000000001bf00000] [id=15192]

VM state:not at safepoint (normal execution)

VM Mutex/Monitor currently owned by a thread: None

Heap:
 PSYoungGen      total 240128K, used 93187K [0x00000000d5580000, 0x00000000e5980000, 0x0000000100000000)
  eden space 217088K, 39% used [0x00000000d5580000,0x00000000da891c40,0x00000000e2980000)
  from space 23040K, 35% used [0x00000000e4300000,0x00000000e4aef160,0x00000000e5980000)
  to   space 24576K, 0% used [0x00000000e2980000,0x00000000e2980000,0x00000000e4180000)
 ParOldGen       total 159232K, used 56779K [0x0000000080000000, 0x0000000089b80000, 0x00000000d5580000)
  object space 159232K, 35% used [0x0000000080000000,0x0000000083772ca0,0x0000000089b80000)
 Metaspace       used 71014K, capacity 74791K, committed 74900K, reserved 1114112K
  class space    used 9187K, capacity 10079K, committed 10132K, reserved 1048576K

Card table byte_map: [0x00000000147e0000,0x0000000014bf0000] byte_map_base: 0x00000000143e0000

Marking Bits: (ParMarkBitMap*) 0x0000000064e33950
 Begin Bits: [0x00000000152a0000, 0x00000000172a0000)
 End Bits:   [0x00000000172a0000, 0x00000000192a0000)

Polling page: 0x0000000003340000

CodeCache: size=245760Kb used=38298Kb max_used=38309Kb free=207461Kb
 bounds [0x0000000005420000, 0x00000000079d0000, 0x0000000014420000]
 total_blobs=11975 nmethods=11061 adapters=826
 compilation: enabled

Compilation events (10 events):
Event: 176.999 Thread 0x000000001a04f000 13418       4       com.google.common.base.Objects::equal (23 bytes)
Event: 177.047 Thread 0x000000001a04f000 nmethod 13418 0x00000000079b06d0 code [0x00000000079b08e0, 0x00000000079b1790]
Event: 177.047 Thread 0x000000001a04f000 13408       4       com.google.common.collect.LinkedListMultimap::put (10 bytes)
Event: 177.048 Thread 0x000000001a04f000 nmethod 13408 0x0000000005866d10 code [0x0000000005866e60, 0x0000000005866ee8]
Event: 177.210 Thread 0x000000001b453800 13419       3       com.google.common.collect.Sets::newLinkedHashSet (31 bytes)
Event: 177.212 Thread 0x000000001b453800 nmethod 13419 0x00000000079b4610 code [0x00000000079b4880, 0x00000000079b5608]
Event: 177.212 Thread 0x000000001b453800 13420       3       java.util.AbstractQueue::<init> (5 bytes)
Event: 177.213 Thread 0x000000001b453800 nmethod 13420 0x000000000797e190 code [0x000000000797e300, 0x000000000797e510]
Event: 177.311 Thread 0x000000001a04f000 13421       4       java.util.concurrent.locks.AbstractQueuedSynchronizer$Node::predecessor (19 bytes)
Event: 177.313 Thread 0x000000001a04f000 nmethod 13421 0x00000000055eb990 code [0x00000000055ebac0, 0x00000000055ebb38]

GC Heap History (10 events):
Event: 37.052 GC heap before
{Heap before GC invocations=17 (full 3):
 PSYoungGen      total 187904K, used 13221K [0x00000000d5580000, 0x00000000e2580000, 0x0000000100000000)
  eden space 166912K, 0% used [0x00000000d5580000,0x00000000d5580000,0x00000000df880000)
  from space 20992K, 62% used [0x00000000e0d00000,0x00000000e19e9620,0x00000000e2180000)
  to   space 20992K, 0% used [0x00000000df880000,0x00000000df880000,0x00000000e0d00000)
 ParOldGen       total 96256K, used 38694K [0x0000000080000000, 0x0000000085e00000, 0x00000000d5580000)
  object space 96256K, 40% used [0x0000000080000000,0x00000000825c9b60,0x0000000085e00000)
 Metaspace       used 56687K, capacity 59017K, committed 59028K, reserved 1099776K
  class space    used 7724K, capacity 8329K, committed 8340K, reserved 1048576K
Event: 37.866 GC heap after
Heap after GC invocations=17 (full 3):
 PSYoungGen      total 187904K, used 0K [0x00000000d5580000, 0x00000000e2580000, 0x0000000100000000)
  eden space 166912K, 0% used [0x00000000d5580000,0x00000000d5580000,0x00000000df880000)
  from space 20992K, 0% used [0x00000000e0d00000,0x00000000e0d00000,0x00000000e2180000)
  to   space 20992K, 0% used [0x00000000df880000,0x00000000df880000,0x00000000e0d00000)
 ParOldGen       total 159232K, used 48343K [0x0000000080000000, 0x0000000089b80000, 0x00000000d5580000)
  object space 159232K, 30% used [0x0000000080000000,0x0000000082f35d78,0x0000000089b80000)
 Metaspace       used 56687K, capacity 59017K, committed 59028K, reserved 1099776K
  class space    used 7724K, capacity 8329K, committed 8340K, reserved 1048576K
}
Event: 122.681 GC heap before
{Heap before GC invocations=18 (full 3):
 PSYoungGen      total 187904K, used 166912K [0x00000000d5580000, 0x00000000e2580000, 0x0000000100000000)
  eden space 166912K, 100% used [0x00000000d5580000,0x00000000df880000,0x00000000df880000)
  from space 20992K, 0% used [0x00000000e0d00000,0x00000000e0d00000,0x00000000e2180000)
  to   space 20992K, 0% used [0x00000000df880000,0x00000000df880000,0x00000000e0d00000)
 ParOldGen       total 159232K, used 48343K [0x0000000080000000, 0x0000000089b80000, 0x00000000d5580000)
  object space 159232K, 30% used [0x0000000080000000,0x0000000082f35d78,0x0000000089b80000)
 Metaspace       used 62160K, capacity 65301K, committed 65428K, reserved 1105920K
  class space    used 8264K, capacity 9092K, committed 9108K, reserved 1048576K
Event: 122.722 GC heap after
Heap after GC invocations=18 (full 3):
 PSYoungGen      total 187904K, used 9200K [0x00000000d5580000, 0x00000000e4200000, 0x0000000100000000)
  eden space 166912K, 0% used [0x00000000d5580000,0x00000000d5580000,0x00000000df880000)
  from space 20992K, 43% used [0x00000000df880000,0x00000000e017c1d8,0x00000000e0d00000)
  to   space 20480K, 0% used [0x00000000e2e00000,0x00000000e2e00000,0x00000000e4200000)
 ParOldGen       total 159232K, used 48351K [0x0000000080000000, 0x0000000089b80000, 0x00000000d5580000)
  object space 159232K, 30% used [0x0000000080000000,0x0000000082f37d78,0x0000000089b80000)
 Metaspace       used 62160K, capacity 65301K, committed 65428K, reserved 1105920K
  class space    used 8264K, capacity 9092K, committed 9108K, reserved 1048576K
}
Event: 128.884 GC heap before
{Heap before GC invocations=19 (full 3):
 PSYoungGen      total 187904K, used 176112K [0x00000000d5580000, 0x00000000e4200000, 0x0000000100000000)
  eden space 166912K, 100% used [0x00000000d5580000,0x00000000df880000,0x00000000df880000)
  from space 20992K, 43% used [0x00000000df880000,0x00000000e017c1d8,0x00000000e0d00000)
  to   space 20480K, 0% used [0x00000000e2e00000,0x00000000e2e00000,0x00000000e4200000)
 ParOldGen       total 159232K, used 48351K [0x0000000080000000, 0x0000000089b80000, 0x00000000d5580000)
  object space 159232K, 30% used [0x0000000080000000,0x0000000082f37d78,0x0000000089b80000)
 Metaspace       used 65306K, capacity 68685K, committed 68884K, reserved 1107968K
  class space    used 8576K, capacity 9416K, committed 9492K, reserved 1048576K
Event: 128.919 GC heap after
Heap after GC invocations=19 (full 3):
 PSYoungGen      total 217600K, used 17574K [0x00000000d5580000, 0x00000000e4180000, 0x0000000100000000)
  eden space 197632K, 0% used [0x00000000d5580000,0x00000000d5580000,0x00000000e1680000)
  from space 19968K, 88% used [0x00000000e2e00000,0x00000000e3f298c8,0x00000000e4180000)
  to   space 22016K, 0% used [0x00000000e1680000,0x00000000e1680000,0x00000000e2c00000)
 ParOldGen       total 159232K, used 48359K [0x0000000080000000, 0x0000000089b80000, 0x00000000d5580000)
  object space 159232K, 30% used [0x0000000080000000,0x0000000082f39d78,0x0000000089b80000)
 Metaspace       used 65306K, capacity 68685K, committed 68884K, reserved 1107968K
  class space    used 8576K, capacity 9416K, committed 9492K, reserved 1048576K
}
Event: 161.077 GC heap before
{Heap before GC invocations=20 (full 3):
 PSYoungGen      total 217600K, used 215206K [0x00000000d5580000, 0x00000000e4180000, 0x0000000100000000)
  eden space 197632K, 100% used [0x00000000d5580000,0x00000000e1680000,0x00000000e1680000)
  from space 19968K, 88% used [0x00000000e2e00000,0x00000000e3f298c8,0x00000000e4180000)
  to   space 22016K, 0% used [0x00000000e1680000,0x00000000e1680000,0x00000000e2c00000)
 ParOldGen       total 159232K, used 48359K [0x0000000080000000, 0x0000000089b80000, 0x00000000d5580000)
  object space 159232K, 30% used [0x0000000080000000,0x0000000082f39d78,0x0000000089b80000)
 Metaspace       used 69377K, capacity 73017K, committed 73108K, reserved 1112064K
  class space    used 8996K, capacity 9866K, committed 9876K, reserved 1048576K
Event: 161.131 GC heap after
Heap after GC invocations=20 (full 3):
 PSYoungGen      total 219648K, used 22014K [0x00000000d5580000, 0x00000000e5b80000, 0x0000000100000000)
  eden space 197632K, 0% used [0x00000000d5580000,0x00000000d5580000,0x00000000e1680000)
  from space 22016K, 99% used [0x00000000e1680000,0x00000000e2bff9e0,0x00000000e2c00000)
  to   space 25088K, 0% used [0x00000000e4300000,0x00000000e4300000,0x00000000e5b80000)
 ParOldGen       total 159232K, used 48753K [0x0000000080000000, 0x0000000089b80000, 0x00000000d5580000)
  object space 159232K, 30% used [0x0000000080000000,0x0000000082f9c478,0x0000000089b80000)
 Metaspace       used 69377K, capacity 73017K, committed 73108K, reserved 1112064K
  class space    used 8996K, capacity 9866K, committed 9876K, reserved 1048576K
}
Event: 173.255 GC heap before
{Heap before GC invocations=21 (full 3):
 PSYoungGen      total 219648K, used 219646K [0x00000000d5580000, 0x00000000e5b80000, 0x0000000100000000)
  eden space 197632K, 100% used [0x00000000d5580000,0x00000000e1680000,0x00000000e1680000)
  from space 22016K, 99% used [0x00000000e1680000,0x00000000e2bff9e0,0x00000000e2c00000)
  to   space 25088K, 0% used [0x00000000e4300000,0x00000000e4300000,0x00000000e5b80000)
 ParOldGen       total 159232K, used 48753K [0x0000000080000000, 0x0000000089b80000, 0x00000000d5580000)
  object space 159232K, 30% used [0x0000000080000000,0x0000000082f9c478,0x0000000089b80000)
 Metaspace       used 70898K, capacity 74629K, committed 74900K, reserved 1114112K
  class space    used 9181K, capacity 10072K, committed 10132K, reserved 1048576K
Event: 173.327 GC heap after
Heap after GC invocations=21 (full 3):
 PSYoungGen      total 240128K, used 8124K [0x00000000d5580000, 0x00000000e5980000, 0x0000000100000000)
  eden space 217088K, 0% used [0x00000000d5580000,0x00000000d5580000,0x00000000e2980000)
  from space 23040K, 35% used [0x00000000e4300000,0x00000000e4aef160,0x00000000e5980000)
  to   space 24576K, 0% used [0x00000000e2980000,0x00000000e2980000,0x00000000e4180000)
 ParOldGen       total 159232K, used 56779K [0x0000000080000000, 0x0000000089b80000, 0x00000000d5580000)
  object space 159232K, 35% used [0x0000000080000000,0x0000000083772ca0,0x0000000089b80000)
 Metaspace       used 70898K, capacity 74629K, committed 74900K, reserved 1114112K
  class space    used 9181K, capacity 10072K, committed 10132K, reserved 1048576K
}

Deoptimization events (10 events):
Event: 175.156 Thread 0x000000001c162800 Uncommon trap: reason=class_check action=maybe_recompile pc=0x000000000662c008 method=com.google.common.collect.Iterables.toArray(Ljava/lang/Iterable;)[Ljava/lang/Object; @ 4
Event: 175.438 Thread 0x000000001c162800 Uncommon trap: reason=predicate action=maybe_recompile pc=0x0000000005dec85c method=com.google.common.collect.RegularImmutableMap.fromEntryArray(I[Ljava/util/Map$Entry;)Lcom/google/common/collect/RegularImmutableMap; @ 62
Event: 175.556 Thread 0x000000001c162800 Uncommon trap: reason=class_check action=maybe_recompile pc=0x000000000662c008 method=com.google.common.collect.Iterables.toArray(Ljava/lang/Iterable;)[Ljava/lang/Object; @ 4
Event: 175.663 Thread 0x000000001c163800 Uncommon trap: reason=class_check action=maybe_recompile pc=0x000000000662c008 method=com.google.common.collect.Iterables.toArray(Ljava/lang/Iterable;)[Ljava/lang/Object; @ 4
Event: 175.755 Thread 0x000000001c166800 Uncommon trap: reason=unstable_if action=reinterpret pc=0x000000000757cd78 method=java.util.concurrent.locks.AbstractQueuedSynchronizer.findNodeFromTail(Ljava/util/concurrent/locks/AbstractQueuedSynchronizer$Node;)Z @ 7
Event: 176.384 Thread 0x000000001c162800 Uncommon trap: reason=null_check action=make_not_entrant pc=0x0000000006bf4c38 method=com.sun.org.apache.xerces.internal.dom.NamedNodeMapImpl.findNamePoint(Ljava/lang/String;Ljava/lang/String;)I @ 76
Event: 176.852 Thread 0x000000001c162800 Uncommon trap: reason=class_check action=maybe_recompile pc=0x0000000007620d24 method=com.google.common.collect.TransformedIterator.next()Ljava/lang/Object; @ 5
Event: 176.853 Thread 0x000000001c162800 Uncommon trap: reason=class_check action=maybe_recompile pc=0x0000000007620d24 method=com.google.common.collect.TransformedIterator.next()Ljava/lang/Object; @ 5
Event: 176.853 Thread 0x000000001c162800 Uncommon trap: reason=class_check action=maybe_recompile pc=0x0000000007620d24 method=com.google.common.collect.TransformedIterator.next()Ljava/lang/Object; @ 5
Event: 176.853 Thread 0x000000001c162800 Uncommon trap: reason=class_check action=maybe_recompile pc=0x0000000007620d24 method=com.google.common.collect.TransformedIterator.next()Ljava/lang/Object; @ 5

Classes redefined (0 events):
No events

Internal exceptions (10 events):
Event: 175.102 Thread 0x000000001c162800 Exception <a 'sun/nio/fs/WindowsException'> (0x00000000d72f0420) thrown at [D:\src\AOSP-openjdk-cygwin\jdk8u\hotspot\src\share\vm\prims\jni.cpp, line 709]
Event: 175.658 Thread 0x000000001c163800 Exception <a 'sun/nio/fs/WindowsException'> (0x00000000d761e450) thrown at [D:\src\AOSP-openjdk-cygwin\jdk8u\hotspot\src\share\vm\prims\jni.cpp, line 709]
Event: 175.658 Thread 0x000000001c163800 Exception <a 'sun/nio/fs/WindowsException'> (0x00000000d761eba0) thrown at [D:\src\AOSP-openjdk-cygwin\jdk8u\hotspot\src\share\vm\prims\jni.cpp, line 709]
Event: 175.658 Thread 0x000000001c163800 Exception <a 'sun/nio/fs/WindowsException'> (0x00000000d761fb30) thrown at [D:\src\AOSP-openjdk-cygwin\jdk8u\hotspot\src\share\vm\prims\jni.cpp, line 709]
Event: 175.658 Thread 0x000000001c163800 Exception <a 'sun/nio/fs/WindowsException'> (0x00000000d7620250) thrown at [D:\src\AOSP-openjdk-cygwin\jdk8u\hotspot\src\share\vm\prims\jni.cpp, line 709]
Event: 175.658 Thread 0x000000001c163800 Exception <a 'sun/nio/fs/WindowsException'> (0x00000000d7621320) thrown at [D:\src\AOSP-openjdk-cygwin\jdk8u\hotspot\src\share\vm\prims\jni.cpp, line 709]
Event: 175.659 Thread 0x000000001c163800 Exception <a 'sun/nio/fs/WindowsException'> (0x00000000d7621a70) thrown at [D:\src\AOSP-openjdk-cygwin\jdk8u\hotspot\src\share\vm\prims\jni.cpp, line 709]
Event: 175.659 Thread 0x000000001c163800 Exception <a 'sun/nio/fs/WindowsException'> (0x00000000d7622a28) thrown at [D:\src\AOSP-openjdk-cygwin\jdk8u\hotspot\src\share\vm\prims\jni.cpp, line 709]
Event: 175.659 Thread 0x000000001c163800 Exception <a 'sun/nio/fs/WindowsException'> (0x00000000d7623148) thrown at [D:\src\AOSP-openjdk-cygwin\jdk8u\hotspot\src\share\vm\prims\jni.cpp, line 709]
Event: 176.384 Thread 0x000000001c162800 Implicit null exception at 0x0000000006bf4401 to 0x0000000006bf4c19

Events (10 events):
Event: 177.004 Thread 0x000000001c16c800 Thread added: 0x000000001c16c800
Event: 177.004 Thread 0x000000001fa3e000 Thread added: 0x000000001fa3e000
Event: 177.034 Thread 0x000000001e915000 Thread added: 0x000000001e915000
Event: 177.034 Thread 0x000000001e90f800 Thread added: 0x000000001e90f800
Event: 177.068 Thread 0x000000001e90e000 Thread added: 0x000000001e90e000
Event: 177.068 Thread 0x000000001e910800 Thread added: 0x000000001e910800
Event: 177.102 Thread 0x000000001e912000 Thread added: 0x000000001e912000
Event: 177.103 Thread 0x000000001e915800 Thread added: 0x000000001e915800
Event: 177.193 Executing VM operation: RevokeBias
Event: 177.193 Executing VM operation: RevokeBias done


Dynamic libraries:
0x00007ff734390000 - 0x00007ff7343c1000 	D:\Program Files\Android\Android Studio\jre\bin\java.exe
0x00007ff965e90000 - 0x00007ff966070000 	C:\WINDOWS\SYSTEM32\ntdll.dll
0x00007ff965da0000 - 0x00007ff965e4e000 	C:\WINDOWS\System32\KERNEL32.DLL
0x00007ff9622b0000 - 0x00007ff962516000 	C:\WINDOWS\System32\KERNELBASE.dll
0x00007ff965230000 - 0x00007ff9652d1000 	C:\WINDOWS\System32\ADVAPI32.dll
0x00007ff965d00000 - 0x00007ff965d9d000 	C:\WINDOWS\System32\msvcrt.dll
0x00007ff963390000 - 0x00007ff9633eb000 	C:\WINDOWS\System32\sechost.dll
0x00007ff965a10000 - 0x00007ff965b2f000 	C:\WINDOWS\System32\RPCRT4.dll
0x00007ff963400000 - 0x00007ff96358f000 	C:\WINDOWS\System32\USER32.dll
0x00007ff962290000 - 0x00007ff9622b0000 	C:\WINDOWS\System32\win32u.dll
0x00007ff963360000 - 0x00007ff963388000 	C:\WINDOWS\System32\GDI32.dll
0x00007ff962e20000 - 0x00007ff962fb3000 	C:\WINDOWS\System32\gdi32full.dll
0x00007ff9632c0000 - 0x00007ff96335b000 	C:\WINDOWS\System32\msvcp_win.dll
0x00007ff9625d0000 - 0x00007ff9626c6000 	C:\WINDOWS\System32\ucrtbase.dll
0x00007ff94c7b0000 - 0x00007ff94ca19000 	C:\WINDOWS\WinSxS\amd64_microsoft.windows.common-controls_6595b64144ccf1df_6.0.16299.125_none_15cbcf8893620c09\COMCTL32.dll
0x00007ff963ae0000 - 0x00007ff963de8000 	C:\WINDOWS\System32\combase.dll
0x00007ff962fc0000 - 0x00007ff963032000 	C:\WINDOWS\System32\bcryptPrimitives.dll
0x00007ff963590000 - 0x00007ff9635bd000 	C:\WINDOWS\System32\IMM32.DLL
0x0000000064590000 - 0x0000000064662000 	D:\Program Files\Android\Android Studio\jre\jre\bin\msvcr100.dll
0x0000000064670000 - 0x0000000064eae000 	D:\Program Files\Android\Android Studio\jre\jre\bin\server\jvm.dll
0x00007ff9633f0000 - 0x00007ff9633f8000 	C:\WINDOWS\System32\PSAPI.DLL
0x00007ff95dbb0000 - 0x00007ff95dbb9000 	C:\WINDOWS\SYSTEM32\WSOCK32.dll
0x00007ff965bc0000 - 0x00007ff965c2c000 	C:\WINDOWS\System32\WS2_32.dll
0x00007ff95edf0000 - 0x00007ff95ee13000 	C:\WINDOWS\SYSTEM32\WINMM.dll
0x00007ff955d40000 - 0x00007ff955d4a000 	C:\WINDOWS\SYSTEM32\VERSION.dll
0x00007ff95edc0000 - 0x00007ff95edea000 	C:\WINDOWS\SYSTEM32\WINMMBASE.dll
0x00007ff963040000 - 0x00007ff96308a000 	C:\WINDOWS\System32\cfgmgr32.dll
0x00007ff95e910000 - 0x00007ff95e91f000 	D:\Program Files\Android\Android Studio\jre\jre\bin\verify.dll
0x00007ff95d150000 - 0x00007ff95d179000 	D:\Program Files\Android\Android Studio\jre\jre\bin\java.dll
0x00007ff94bf90000 - 0x00007ff94bfa6000 	D:\Program Files\Android\Android Studio\jre\jre\bin\zip.dll
0x00007ff963df0000 - 0x00007ff965226000 	C:\WINDOWS\System32\SHELL32.dll
0x00007ff965360000 - 0x00007ff965406000 	C:\WINDOWS\System32\shcore.dll
0x00007ff9626d0000 - 0x00007ff962e17000 	C:\WINDOWS\System32\windows.storage.dll
0x00007ff9636d0000 - 0x00007ff963721000 	C:\WINDOWS\System32\shlwapi.dll
0x00007ff962200000 - 0x00007ff962211000 	C:\WINDOWS\System32\kernel.appcore.dll
0x00007ff962240000 - 0x00007ff96228c000 	C:\WINDOWS\System32\powrprof.dll
0x00007ff9621e0000 - 0x00007ff9621fb000 	C:\WINDOWS\System32\profapi.dll
0x00007ff9492c0000 - 0x00007ff9492da000 	D:\Program Files\Android\Android Studio\jre\jre\bin\net.dll
0x00007ff961a70000 - 0x00007ff961ad6000 	C:\WINDOWS\system32\mswsock.dll
0x00007ff948fd0000 - 0x00007ff948fe1000 	D:\Program Files\Android\Android Studio\jre\jre\bin\nio.dll
0x00007ff959780000 - 0x00007ff95979e000 	C:\Users\Administrator\.gradle\native\25\windows-amd64\native-platform.dll
0x00007ff95d140000 - 0x00007ff95d14d000 	D:\Program Files\Android\Android Studio\jre\jre\bin\management.dll
0x00007ff961c30000 - 0x00007ff961c47000 	C:\WINDOWS\SYSTEM32\CRYPTSP.dll
0x00007ff961680000 - 0x00007ff9616b3000 	C:\WINDOWS\system32\rsaenh.dll
0x00007ff961d40000 - 0x00007ff961d65000 	C:\WINDOWS\SYSTEM32\bcrypt.dll
0x00007ff9620e0000 - 0x00007ff962109000 	C:\WINDOWS\SYSTEM32\USERENV.dll
0x00007ff961c50000 - 0x00007ff961c5b000 	C:\WINDOWS\SYSTEM32\CRYPTBASE.dll
0x00007ff961800000 - 0x00007ff961839000 	C:\WINDOWS\SYSTEM32\IPHLPAPI.DLL
0x00007ff965b30000 - 0x00007ff965b38000 	C:\WINDOWS\System32\NSI.dll
0x00007ff95bcf0000 - 0x00007ff95bd06000 	C:\WINDOWS\SYSTEM32\dhcpcsvc6.DLL
0x00007ff95bc80000 - 0x00007ff95bc9a000 	C:\WINDOWS\SYSTEM32\dhcpcsvc.DLL
0x00007ff930de0000 - 0x00007ff930f75000 	D:\Program Files\Android\Android Studio\jre\jre\bin\awt.dll
0x00007ff965c30000 - 0x00007ff965cf5000 	C:\WINDOWS\System32\OLEAUT32.dll
0x00007ff95fad0000 - 0x00007ff960088000 	C:\WINDOWS\SYSTEM32\d2d1.dll
0x00007ff9630f0000 - 0x00007ff9632be000 	C:\WINDOWS\System32\CRYPT32.dll
0x00007ff962220000 - 0x00007ff962232000 	C:\WINDOWS\System32\MSASN1.dll
0x00007ff9606a0000 - 0x00007ff960728000 	C:\WINDOWS\SYSTEM32\apphelp.dll
0x00007ff960a90000 - 0x00007ff960aba000 	C:\WINDOWS\system32\DWMAPI.DLL
0x00007ff9607d0000 - 0x00007ff960865000 	C:\WINDOWS\system32\uxtheme.dll

VM Arguments:
jvm_args: -XX:MaxPermSize=768m -XX:+HeapDumpOnOutOfMemoryError -Xmx2048m -Dfile.encoding=UTF-8 -Duser.country=CN -Duser.language=zh -Duser.variant 
java_command: org.gradle.launcher.daemon.bootstrap.GradleDaemon 4.1
java_class_path (initial): C:\Users\Administrator\.gradle\wrapper\dists\gradle-4.1-all\bzyivzo6n839fup2jbap0tjew\gradle-4.1\lib\gradle-launcher-4.1.jar
Launcher Type: SUN_STANDARD

Environment Variables:
JAVA_HOME=D:\work\Java\jdk1.8.0_91
CLASSPATH=.;D:\work\Java\jdk1.8.0_91\lib\dt.jar;D:\work\Java\jdk1.8.0_91\lib\tools.jar;
PATH=C:\Program Files\Docker\Docker\Resources\bin;C:\Program Files (x86)\Common Files\NetSarang;C:\ProgramData\Oracle\Java\javapath;C:\WINDOWS\system32;C:\WINDOWS;C:\WINDOWS\System32\Wbem;C:\WINDOWS\System32\WindowsPowerShell\v1.0\;D:\work\Git\cmd;D:\work\apache-maven-3.3.9\bin;C:\Program Files\TortoiseSVN\bin;D:\work\gradle-3.3\bin;%ERLANG_HOME%\bin;D:\Program Files\RabbitMQ Server\rabbitmq_server-3.6.6\sbin;D:\Program Files\curl-7.52.1\I386;D:\Program Files (x86)\Vim;D:\tools\mingw\bin;D:\tools\mingw\mingw32\lib;C:\Program Files\Docker\Docker\Resources\bin;C:\Program Files (x86)\Common Files\NetSarang;C:\ProgramData\Oracle\Java\javapath;C:\WINDOWS\system32;C:\WINDOWS;C:\WINDOWS\System32\Wbem;C:\WINDOWS\System32\WindowsPowerShell\v1.0\;D:\work\Git\cmd;D:\work\apache-maven-3.3.9\bin;C:\Program Files\TortoiseSVN\bin;D:\work\gradle-3.3\bin;%ERLANG_HOME%\bin;D:\Program Files\RabbitMQ Server\rabbitmq_server-3.6.6\sbin;D:\Program Files\curl-7.52.1\I386;D:\Program Files (x86)\Vim;D:\tools\mingw\bin;D:\tools\mingw\mingw32\lib;C:\Program Files\Docker\Docker\Resources\bin;C:\Program Files (x86)\Common Files\NetSarang;C:\ProgramData\Oracle\Java\javapath;C:\WINDOWS\system32;C:\WINDOWS;C:\WINDOWS\System32\Wbem;C:\WINDOWS\System32\WindowsPowerShell\v1.0\;D:\work\Git\cmd;%M2_HOME%\bin;C:\Program Files\TortoiseSVN\bin;D:\work\gradle-3.3\bin;%ERLANG_HOME%\bin;%RABBITMQ_SERVER%\sbin;D:\Program Files\curl-7.52.1\I386;D:\Program Files (x86)\Vim;D:\tools\mingw\bin;D:\tools\mingw\mingw32\lib;C:\WINDOWS\System32;D:\Program Files\Python27;D:\tools\Go\bin;D:\work\Java\jdk1.8.0_91\bin;;D:\Program Files\Python27;D:\tools\Go\bin;D:\work\Java\jdk1.8.0_91\bin;;D:\Program Files\Python27;D:\tools\Go\bin;D:\work\Java\jdk1.8.0_91\bin;C:\Users\Administrator\AppData\Local\Microsoft\WindowsApps;
USERNAME=Administrator
OS=Windows_NT
PROCESSOR_IDENTIFIER=Intel64 Family 6 Model 58 Stepping 9, GenuineIntel



---------------  S Y S T E M  ---------------

OS: Windows 10.0 , 64 bit Build 16299 (10.0.16299.15)

CPU:total 4 (initial active 4) (2 cores per cpu, 2 threads per core) family 6 model 58 stepping 9, cmov, cx8, fxsr, mmx, sse, sse2, sse3, ssse3, sse4.1, sse4.2, popcnt, avx, aes, clmul, erms, ht, tsc, tscinvbit, tscinv

Memory: 4k page, physical 8288616k(1489764k free), swap 10385768k(5040k free)

vm_info: OpenJDK 64-Bit Server VM (25.152-b01) for windows-amd64 JRE (1.8.0_152-release-915-b01), built by "builder" with MS VC++ 10.0 (VS2010)

time: Fri Jan 26 20:43:17 2018
elapsed time: 177 seconds (0d 0h 2m 57s)

